<?xml version="1.0" encoding="UTF-8"?>
<!-- Generated by org.testng.reporters.JUnitReportReporter -->
<testsuite hostname="Harini" failures="0" tests="3" name="listeners.Listener_runnerclass" time="0.022" errors="0" timestamp="2024-03-04T11:34:37 IST" skipped="0">
  <testcase classname="listeners.Listener_runnerclass" name="SentItems" time="0.016"/>
  <testcase classname="listeners.Listener_runnerclass" name="trash" time="0.003"/>
  <testcase classname="listeners.Listener_runnerclass" name="compose" time="0.003"/>
</testsuite> <!-- listeners.Listener_runnerclass -->
