<?xml version="1.0" encoding="UTF-8"?>
<!-- Generated by org.testng.reporters.JUnitReportReporter -->
<testsuite hostname="Harini" failures="0" tests="1" name="groups.Test_annot" time="0.015" errors="0" timestamp="2024-03-05T10:35:26 IST" skipped="0">
  <testcase classname="groups.Test_annot" name="test1" time="0.015"/>
</testsuite> <!-- groups.Test_annot -->
