<?xml version="1.0" encoding="UTF-8"?>
<!-- Generated by org.testng.reporters.JUnitReportReporter -->
<testsuite hostname="Harini" failures="0" tests="3" name="data_providers.Runner_read_data" time="0.045" errors="0" timestamp="2024-03-05T11:19:56 IST" skipped="0">
  <testcase classname="data_providers.Runner_read_data" name="loginTest" time="0.027"/>
  <testcase classname="data_providers.Runner_read_data" name="loginTest" time="0.016"/>
  <testcase classname="data_providers.Runner_read_data" name="loginTest" time="0.002"/>
</testsuite> <!-- data_providers.Runner_read_data -->
