<?xml version="1.0" encoding="UTF-8"?>
<!-- Generated by org.testng.reporters.JUnitReportReporter -->
<testsuite hostname="Harini" failures="0" tests="1" name="property_files.Fetch_prop" time="0.017" errors="0" timestamp="2024-03-04T11:13:19 IST" skipped="0">
  <testcase classname="property_files.Fetch_prop" name="fetch_op" time="0.017"/>
</testsuite> <!-- property_files.Fetch_prop -->
